2022-11-23 09:27:27,481:INFO: ----------------- Options ---------------
                 AUthresh: 0.6                           
               batch_size: 128                           
                  dataset: RAF-DB                        
            dataset_order: ['RAF-DB', 'BP4D', 'AffectNet']
             dataset_path: /media/data1/wf/AU_EMOwPGM/codes/dataset/RAF-DB/RAF_subject_independent.pkl
dataset_path_subject_independent: /media/data1/wf/AU_EMOwPGM/codes/dataset/RAF-DB/RAF_subject_independent.pkl
                   device: cuda:2                        
                 evaluate: False                         
                file_list: epoch4_model_fold0.pth        
                     fold: 0                             
                      gpu: 2                             
                     loc1: [0, 1, 2, 3, 4, 5, 6, 7, 8, 9, 10, 11, 12, 13, 14]
                     loc2: [15, 16]                      
                       lr: 0.001                         
             lr_decay_idx: 20000                         
               manualSeed: None                          
             neighbor_num: 4                             
              num_classes: 17                            
              num_workers: 16                            
                   outdir: save/continuous/balanced/2022-11-23/RBA
             priori_alpha: 0.5                           
                save_path: save/continuous/balanced      
              source_list: ['predsAU_record', 'labelsEMO_record']
                  zeroPad: 1e-05                         
----------------- End -------------------
2022-11-23 09:27:27,481:INFO: writting logs to file save/continuous/balanced/2022-11-23/RBA/train.log
2022-11-23 09:27:27,482:INFO: {'The priori Dataset RAF-DB: The training length is 9747, The test length is 2388'}
2022-11-23 09:27:27,822:INFO: {'Dataset BP4D: The training length is 72861, The test length is 31383'}
2022-11-23 09:27:28,708:INFO: {'init_lr 3.038943585800289e-07'}
2022-11-23 09:48:17,315:INFO: {'ContiDataOrder 1 train_rules_loss: 0.82659, train_rules_acc: 47.34, val_rules_loss: 1.57039, val_rules_acc: 47.23'}
2022-11-23 09:48:17,315:INFO: {'EMO Rules Val Acc-list:'}
2022-11-23 09:48:17,315:INFO: {'happy: 99.77, sad: 100.00, fear: 1.76, anger: 0.00, surprise: 97.99, disgust: 0.00'}
2022-11-23 09:48:25,383:INFO: {'The fine-tuned rules val acc on RAF-DB is 83.40'}
2022-11-23 09:48:25,383:INFO: {'AllTestToOrder 1 all_rules_acc: 50.04'}
2022-11-23 09:48:25,383:INFO: {'AllTestEMO Rules Val Acc-list:'}
2022-11-23 09:48:25,384:INFO: {'happy: 99.80, sad: 100.00, fear: 1.74, anger: 0.00, surprise: 98.17, disgust: 0.00'}
2022-11-23 09:48:25,729:INFO: {'Dataset AffectNet: The training length is 209028, The test length is 3000'}
2022-11-23 09:48:25,730:INFO: {'init_lr 3.5783719245782323e-06'}
2022-11-23 11:13:01,770:INFO: {'ContiDataOrder 2 train_rules_loss: 0.40619, train_rules_acc: 83.33, val_rules_loss: 1.53192, val_rules_acc: 50.33'}
2022-11-23 11:13:01,770:INFO: {'EMO Rules Val Acc-list:'}
2022-11-23 11:13:01,771:INFO: {'happy: 100.00, sad: 94.51, fear: 0.00, anger: 6.90, surprise: 100.00, disgust: 0.00'}
2022-11-23 11:13:09,452:INFO: {'The fine-tuned rules val acc on RAF-DB is 81.89'}
2022-11-23 11:15:35,876:INFO: {'The fine-tuned rules val acc on BP4D is 45.66'}
2022-11-23 11:15:35,876:INFO: {'AllTestToOrder 2 all_rules_acc: 48.64'}
2022-11-23 11:15:35,876:INFO: {'AllTestEMO Rules Val Acc-list:'}
2022-11-23 11:15:35,877:INFO: {'happy: 99.81, sad: 90.74, fear: 0.26, anger: 1.68, surprise: 99.92, disgust: 0.00'}
