2022-12-17 10:46:54,434:INFO: ----------------- Options ---------------
                 AUthresh: 0.6                           
               batch_size: 128                           
            dataset_order: ['BP4D', 'DISFA']             
                   device: cuda:1                        
                 evaluate: False                         
                     fold: 0                             
                      gpu: 1                             
           isClass_Weight: False                         
     isClass_Weight_decay: False                         
             isFocal_Loss: True                          
                       lr: 0.001                         
             lr_decay_idx: 20000                         
               manualSeed: None                          
              num_workers: 16                            
                   outdir: save/unseen/CIL/balanced/seen_trained_cat_unseen_priori/2022-12-17_v3
          pre_train_alpha: 0.66                          
                 rule_dir: save/seen                     
                  zeroPad: 1e-05                         
----------------- End -------------------
2022-12-17 10:46:54,435:INFO: writting logs to file save/unseen/CIL/balanced/seen_trained_cat_unseen_priori/2022-12-17_v3/train.log
2022-12-17 10:46:56,183:INFO: {'init_lr 0.1'}
2022-12-17 10:54:13,976:INFO: {'Dataset: BP4D train_rules_loss: 0.71365, train_rules_acc: 51.63, val_rules_loss: 1.10397, val_rules_acc: 94.61'}
2022-12-17 10:54:13,976:INFO: {'EMO Rules Train Acc-list:'}
2022-12-17 10:54:13,976:INFO: {'happy: 99.58, sad: 76.19, anger: 73.54, surprise: 85.17, fear: 29.94, disgust: 24.47'}
2022-12-17 10:54:13,976:INFO: {'EMO Rules Val Acc-list:'}
2022-12-17 10:54:13,976:INFO: {'happy: nan, sad: nan, anger: nan, surprise: nan, fear: 97.45, disgust: 89.43'}
