2022-12-16 23:26:17,294:INFO: ----------------- Options ---------------
                 AUthresh: 0.6                           
               batch_size: 128                           
            dataset_order: ['BP4D', 'DISFA']             
                   device: cuda:1                        
                 evaluate: False                         
                     fold: 0                             
                      gpu: 1                             
           isClass_Weight: False                         
     isClass_Weight_decay: False                         
             isFocal_Loss: True                          
                       lr: 0.001                         
             lr_decay_idx: 20000                         
               manualSeed: None                          
              num_workers: 16                            
                   outdir: save/unseen/CIL/balanced/seen_trained_cat_unseen_priori/2022-12-16_v3
          pre_train_alpha: 0.66                          
                 rule_dir: save/seen                     
                  zeroPad: 1e-05                         
----------------- End -------------------
2022-12-16 23:26:17,295:INFO: writting logs to file save/unseen/CIL/balanced/seen_trained_cat_unseen_priori/2022-12-16_v3/train.log
2022-12-16 23:26:18,988:INFO: {'init_lr 0.001'}
2022-12-16 23:34:48,082:INFO: {'Dataset: BP4D train_rules_loss: 0.68889, train_rules_acc: 44.50, val_rules_loss: 1.56289, val_rules_acc: 45.59'}
2022-12-16 23:34:48,083:INFO: {'EMO Rules Train Acc-list:'}
2022-12-16 23:34:48,083:INFO: {'happy: 100.00, sad: 66.19, anger: 88.85, surprise: 95.96, fear: 0.67, disgust: 34.48'}
2022-12-16 23:34:48,083:INFO: {'EMO Rules Val Acc-list:'}
2022-12-16 23:34:48,083:INFO: {'happy: 95.85, sad: 14.69, anger: 18.83, surprise: 85.54, fear: 5.67, disgust: 83.43'}
