2022-12-17 16:05:35,834:INFO: ----------------- Options ---------------
                 AUthresh: 0.6                           
               batch_size: 128                           
            dataset_order: ['BP4D', 'DISFA']             
                   device: cuda:1                        
                 evaluate: False                         
                     fold: 0                             
                      gpu: 1                             
           isClass_Weight: False                         
     isClass_Weight_decay: False                         
             isFocal_Loss: True                          
                       lr: 0.001                         
             lr_decay_idx: 20000                         
               manualSeed: None                          
              num_workers: 16                            
                   outdir: save/unseen/CIL/balanced/seen_trained_cat_unseen_priori/2022-12-17_v3
          pre_train_alpha: 0.66                          
                 rule_dir: save/seen                     
                  zeroPad: 1e-05                         
----------------- End -------------------
2022-12-17 16:05:35,835:INFO: writting logs to file save/unseen/CIL/balanced/seen_trained_cat_unseen_priori/2022-12-17_v3/train.log
2022-12-17 16:05:37,565:INFO: {'init_lr 0.0001'}
2022-12-17 16:14:10,848:INFO: {'Dataset: BP4D train_rules_loss: 0.81196, train_rules_acc: 38.59, val_rules_loss: 1.47587, val_rules_acc: 57.80'}
2022-12-17 16:14:10,848:INFO: {'EMO Rules Train Acc-list:'}
2022-12-17 16:14:10,848:INFO: {'happy: 100.00, sad: 50.00, anger: 100.00, surprise: 100.00, fear: 0.00, disgust: 7.07'}
2022-12-17 16:14:10,848:INFO: {'EMO Rules Val Acc-list:'}
2022-12-17 16:14:10,849:INFO: {'happy: 100.00, sad: 59.89, anger: 81.49, surprise: 100.00, fear: 0.00, disgust: 21.80'}
