2022-12-17 23:23:26,170:INFO: ----------------- Options ---------------
                 AUthresh: 0.6                           
               batch_size: 128                           
            dataset_order: ['BP4D', 'DISFA']             
                   device: cuda:1                        
                 evaluate: False                         
                     fold: 0                             
                      gpu: 1                             
           isClass_Weight: False                         
     isClass_Weight_decay: False                         
             isFocal_Loss: True                          
                       lr: 0.001                         
             lr_decay_idx: 20000                         
               manualSeed: None                          
              num_workers: 16                            
                   outdir: save/unseen/CIL/balanced/seen_trained_cat_unseen_priori/2022-12-17_v3
          pre_train_alpha: 0.66                          
                 rule_dir: save/seen                     
                  zeroPad: 1e-05                         
----------------- End -------------------
2022-12-17 23:23:26,171:INFO: writting logs to file save/unseen/CIL/balanced/seen_trained_cat_unseen_priori/2022-12-17_v3/train.log
2022-12-17 23:23:27,947:INFO: {'init_lr 0.0001'}
2022-12-17 23:29:18,155:INFO: {'Dataset: BP4D train_rules_loss: 0.74926, train_rules_acc: 20.48, val_rules_loss: 1.48447, val_rules_acc: 56.27'}
2022-12-17 23:29:18,155:INFO: {'EMO Rules Train Acc-list:'}
2022-12-17 23:29:18,155:INFO: {'happy: 100.00, sad: 62.12, anger: 81.46, surprise: 100.00, fear: 0.58, disgust: 16.73'}
2022-12-17 23:29:18,155:INFO: {'EMO Rules Val Acc-list:'}
2022-12-17 23:29:18,156:INFO: {'happy: 100.00, sad: 55.54, anger: 72.59, surprise: 99.57, fear: 0.58, disgust: 28.40'}
