2022-12-18 10:30:58,967:INFO: ----------------- Options ---------------
                 AUthresh: 0.6                           
               batch_size: 128                           
            dataset_order: ['DISFA', 'BP4D']             
                   device: cuda:1                        
                 evaluate: False                         
                     fold: 0                             
                      gpu: 1                             
           isClass_Weight: False                         
     isClass_Weight_decay: False                         
             isFocal_Loss: True                          
                       lr: 0.001                         
             lr_decay_idx: 20000                         
               manualSeed: None                          
              num_workers: 16                            
                   outdir: save/unseen/CIL/balanced/seen_trained_cat_unseen_priori/2022-12-18_v3
          pre_train_alpha: 0.66                          
                 rule_dir: save/seen                     
                  zeroPad: 1e-05                         
----------------- End -------------------
2022-12-18 10:30:58,968:INFO: writting logs to file save/unseen/CIL/balanced/seen_trained_cat_unseen_priori/2022-12-18_v3/train.log
2022-12-18 10:31:01,268:INFO: {'init_lr 0.0001'}
2022-12-18 10:36:06,022:INFO: {'Dataset: DISFA train_rules_loss: 0.67181, train_rules_acc: 66.12, val_rules_loss: 1.28950, val_rules_acc: 75.49'}
2022-12-18 10:36:06,022:INFO: {'EMO Rules Train Acc-list:'}
2022-12-18 10:36:06,023:INFO: {'happy: 99.73, sad: 100.00, anger: 85.24, surprise: 84.51, fear: 0.17, disgust: 99.23'}
2022-12-18 10:36:06,023:INFO: {'EMO Rules Val Acc-list:'}
2022-12-18 10:36:06,024:INFO: {'happy: 99.90, sad: 100.00, anger: 100.00, surprise: 83.53, fear: 0.12, disgust: 99.86'}
